Arguments: 
  C:\Program Files\nodejs\node.exe C:\Program Files (x86)\Yarn\bin\yarn.js

PATH: 
  C:\Python27\;C:\Python27\Scripts;c:\windows\system32;c:\windows;c:\windows\system32\wbem;c:\windows\system32\windowspowershell\v1.0\;c:\windows\system32\openssh\;c:\program files\nvidia corporation\nvidia nvdlisr;C:\Program Files (x86)\NVIDIA Corporation\PhysX\Common;C:\Program Files\Git\cmd;C:\ProgramData\chocolatey\bin;C:\Program Files (x86)\Yarn\bin\;C:\Program Files\nodejs\;%ANDROID_HOME%\platform-tools;%ANDROID_HOME%\tools;C:\Users\Arthur\AppData\Local\Microsoft\WindowsApps;;C:\Users\Arthur\AppData\Local\Programs\Microsoft VS Code\bin;C:\Users\Arthur\AppData\Local\Yarn\bin;C:\Users\Arthur\AppData\Roaming\npm

Yarn version: 
  1.13.0

Node version: 
  11.9.0

Platform: 
  win32 x64

Trace: 
  Error: EPERM: operation not permitted, unlink 'C:\Users\Arthur\www\Uber_Hack\node_modules\node-sass\vendor\win32-x64-67\binding.node'

npm manifest: 
  {
      "name": "minastenisclube",
      "version": "0.1.0",
      "private": true,
      "scripts": {
          "serve": "vue-cli-service serve",
          "build": "vue-cli-service build",
          "lint": "vue-cli-service lint",
          "release-app": "vue-cli-service build && cordova build --release",
          "dev": "webpack-dev-server --progress --colors --inline --hot"
      },
      "dependencies": {
          "@vue/babel-helper-vue-jsx-merge-props": "^0.1.0",
          "animate.css": "^3.7.1",
          "axios": "^0.19.0",
          "card": "^2.4.0",
          "check": "^1.0.0",
          "cordova": "8.1.2",
          "cordova-android": "^8.0.0",
          "cordova-clipboard": "~1.2.1",
          "cordova-vue": "^1.0.5",
          "facebook-ts": "^0.2.3",
          "feather-icons": "^4.21.0",
          "jquery": "^3.3.1",
          "jquery-mask-plugin": "^1.14.15",
          "jssha": "^1.6.2",
          "material-design-icons-iconfont": "^3.0.3",
          "materialize-css": "^1.0.0",
          "moment": "^2.24.0",
          "node-sass": "^4.12.0",
          "nprogress": "^0.2.0",
          "pdfvuer": "^1.3.0",
          "pretty-checkbox-vue": "^1.1.9",
          "sass-loader": "^7.1.0",
          "v-money": "^0.8.1",
          "vue": "^2.6.10",
          "vue-class-component": "^6.3.2",
          "vue-inputmask": "^0.2.1",
          "vue-property-decorator": "^7.3.0",
          "vue-router": "^3.0.2",
          "vue-slick": "^1.1.15",
          "vue-swipeable-bottom-sheet": "0.0.5",
          "vue-the-mask": "^0.11.1",
          "vuex": "^3.1.0",
          "xml2js": "^0.4.19"
      },
      "devDependencies": {
          "@vue/cli-plugin-babel": "^3.5.5",
          "@vue/cli-plugin-typescript": "^3.5.3",
          "@vue/cli-service": "^3.5.3",
          "cordova-clipboard": "^1.2.1",
          "cordova-plugin-device": "^2.0.2",
          "cordova-plugin-keychain-touch-id": "^3.2.1",
          "cordova-plugin-splashscreen": "^5.0.2",
          "cordova-plugin-statusbar": "^2.4.2",
          "de.appplant.cordova.plugin.local-notification": "^0.8.5",
          "stylus": "^0.54.5",
          "stylus-loader": "^3.0.1",
          "typescript": "^3.4.1",
          "vue-template-compiler": "^2.6.10"
      }
  }

yarn manifest: 
  No manifest

Lockfile: 
  No lockfile
